2011-04-16 04:57:27 Debug: Notice (8): Undefined property: DecisionModelRelationship::$Prenode in [C:\wamp\www\xpert_8\app\controllers\decision_model_relationships_controller.php, line 32]
2011-04-16 04:59:04 Debug: Notice (8): Undefined property: DecisionModelRelationship::$Prenode in [C:\wamp\www\xpert_8\app\controllers\decision_model_relationships_controller.php, line 32]
2011-04-16 04:59:11 Debug: Notice (8): Undefined property: DecisionModelNode::$DecisionModelNode in [C:\wamp\www\xpert_8\app\controllers\decision_model_nodes_controller.php, line 32]
2011-04-16 04:59:19 Debug: Notice (8): Undefined property: DecisionModelNode::$DecisionModelNode in [C:\wamp\www\xpert_8\app\controllers\decision_model_nodes_controller.php, line 32]
2011-04-16 05:00:12 Debug: Notice (8): Undefined property: DecisionModelNode::$DecisionModelNode in [C:\wamp\www\xpert_8\app\controllers\decision_model_nodes_controller.php, line 32]
2011-04-16 05:00:24 Debug: Notice (8): Undefined property: DecisionModelNode::$DecisionModelNode in [C:\wamp\www\xpert_8\app\controllers\decision_model_nodes_controller.php, line 32]
2011-04-16 05:00:48 Debug: Notice (8): Undefined property: DecisionModelNode::$DecisionModelNode in [C:\wamp\www\xpert_8\app\controllers\decision_model_nodes_controller.php, line 32]
2011-04-16 05:02:21 Debug: Notice (8): Undefined property: DecisionModelNode::$DecisionModelNode in [C:\wamp\www\xpert_8\app\controllers\decision_model_nodes_controller.php, line 32]
2011-04-18 12:03:22 Debug: Notice (8): Undefined variable: javascript in [C:\wamp\www\xpert_8\app\views\layouts\login.ctp, line 68]
2011-04-18 12:28:31 Debug: Notice (8): unserialize() [<a href='http://php.net/function.unserialize'>function.unserialize</a>]: Error at offset 12033 of 12052 bytes in [C:\wamp\www\cake\cake\libs\cache\file.php, line 176]
2011-04-18 13:03:23 Debug: Notice (8): unserialize() [<a href='http://php.net/function.unserialize'>function.unserialize</a>]: Error at offset 6025 of 6050 bytes in [C:\wamp\www\cake\cake\libs\cache\file.php, line 176]
2011-04-18 13:18:19 Debug: Notice (8): unserialize() [<a href='http://php.net/function.unserialize'>function.unserialize</a>]: Error at offset 6025 of 6050 bytes in [C:\wamp\www\cake\cake\libs\cache\file.php, line 176]
2011-04-18 14:15:16 Debug: Notice (8): unserialize() [<a href='http://php.net/function.unserialize'>function.unserialize</a>]: Error at offset 6025 of 6050 bytes in [C:\wamp\www\cake\cake\libs\cache\file.php, line 176]
2011-04-18 14:21:29 Debug: Notice (8): unserialize() [<a href='http://php.net/function.unserialize'>function.unserialize</a>]: Error at offset 6025 of 6050 bytes in [C:\wamp\www\cake\cake\libs\cache\file.php, line 176]
2011-04-18 16:02:06 Debug: Notice (8): Undefined index: login in [C:\wamp\www\xpert_8\app\views\users\admin_index.ctp, line 30]
2011-04-18 16:03:00 Debug: Notice (8): Undefined index: login in [C:\wamp\www\xpert_8\app\views\users\admin_index.ctp, line 30]
2011-04-18 16:04:14 Debug: Notice (8): Undefined property: UsersController::$Session in [C:\wamp\www\xpert_8\app\controllers\users_controller.php, line 18]
2011-04-18 16:19:36 Debug: Notice (8): Undefined property: UsersController::$Session in [C:\wamp\www\xpert_8\app\controllers\users_controller.php, line 13]
2011-04-18 16:19:56 Debug: Notice (8): Undefined property: UsersController::$Session in [C:\wamp\www\xpert_8\app\controllers\users_controller.php, line 13]
2011-04-18 16:21:57 Debug: Notice (8): Undefined property: UsersController::$Session in [C:\wamp\www\xpert_8\app\controllers\users_controller.php, line 41]
2011-04-18 18:01:13 Debug: Notice (8): Undefined property: UsersController::$auth in [C:\wamp\www\xpert_8\app\app_controller.php, line 24]
2011-04-18 18:01:15 Debug: Notice (8): Undefined property: UsersController::$auth in [C:\wamp\www\xpert_8\app\app_controller.php, line 24]
2011-04-18 18:01:37 Debug: Notice (8): Undefined index: Right in [C:\wamp\www\xpert_8\app\views\users\index.ctp, line 41]
2011-04-18 18:01:51 Debug: Notice (8): Undefined property: User::$Right in [C:\wamp\www\xpert_8\app\controllers\users_controller.php, line 66]
2011-04-18 18:02:22 Debug: Notice (8): Undefined property: User::$Right in [C:\wamp\www\xpert_8\app\controllers\users_controller.php, line 66]
2011-04-18 18:08:41 Debug: Notice (8): Undefined index: Right in [C:\wamp\www\xpert_8\app\views\users\index.ctp, line 41]
2011-04-18 18:09:25 Debug: Notice (8): Undefined index: Right in [C:\wamp\www\xpert_8\app\views\users\index.ctp, line 41]
2011-04-18 18:09:40 Debug: Notice (8): Undefined index: Right in [C:\wamp\www\xpert_8\app\views\users\index.ctp, line 41]
2011-04-18 18:10:06 Debug: Notice (8): Undefined index: Right in [C:\wamp\www\xpert_8\app\views\users\index.ctp, line 41]
2011-04-18 18:10:27 Debug: Notice (8): Undefined index: Right in [C:\wamp\www\xpert_8\app\views\users\index.ctp, line 41]
2011-04-18 18:11:16 Debug: Notice (8): Undefined index: Right in [C:\wamp\www\xpert_8\app\views\users\index.ctp, line 41]
2011-04-18 18:12:02 Debug: Notice (8): Undefined index: Right in [C:\wamp\www\xpert_8\app\views\users\index.ctp, line 41]
2011-04-18 18:12:12 Debug: Notice (8): Undefined index: Right in [C:\wamp\www\xpert_8\app\views\users\index.ctp, line 41]
2011-04-18 18:12:29 Debug: Notice (8): Undefined index: Right in [C:\wamp\www\xpert_8\app\views\users\index.ctp, line 41]
2011-04-18 18:12:43 Debug: Notice (8): Undefined index: Right in [C:\wamp\www\xpert_8\app\views\users\index.ctp, line 41]
2011-04-18 18:12:45 Debug: Notice (8): Undefined index: description in [C:\wamp\www\xpert_8\app\views\users\index.ctp, line 41]
2011-04-18 19:44:18 Debug: Notice (8): Undefined property: User::$Right in [C:\wamp\www\xpert_8\app\controllers\users_controller.php, line 46]
2011-04-18 21:36:46 Debug: Notice (8): Undefined property: UsersController::$session in [C:\wamp\www\xpert_8\app\controllers\users_controller.php, line 26]
2011-04-19 15:51:42 Debug: Notice (8): Undefined property: View::$Paginator in [C:\wamp\www\xpert_8\app\views\users\index.ctp, line 8]
2011-04-19 15:53:08 Debug: Notice (8): Undefined property: View::$Paginator in [C:\wamp\www\xpert_8\app\views\users\index.ctp, line 8]
2011-04-19 16:24:04 Debug: Notice (8): Undefined property: View::$Paginator in [C:\wamp\www\xpert_8\app\views\users\index.ctp, line 24]
2011-04-19 16:24:12 Debug: Notice (8): Undefined variable: users in [C:\wamp\www\xpert_8\app\views\users\index.ctp, line 43]
2011-04-19 17:56:28 Debug: Notice (8): Undefined index: sSearch in [C:\wamp\www\xpert_8\app\controllers\users_controller.php, line 150]
2011-04-19 17:56:28 Debug: Notice (8): Undefined index: bSearchable_0 in [C:\wamp\www\xpert_8\app\controllers\users_controller.php, line 164]
2011-04-19 17:56:28 Debug: Notice (8): Undefined index: bSearchable_1 in [C:\wamp\www\xpert_8\app\controllers\users_controller.php, line 164]
2011-04-19 17:56:28 Debug: Notice (8): Undefined index: bSearchable_2 in [C:\wamp\www\xpert_8\app\controllers\users_controller.php, line 164]
2011-04-19 17:56:28 Debug: Notice (8): Undefined index: bSearchable_3 in [C:\wamp\www\xpert_8\app\controllers\users_controller.php, line 164]
2011-04-19 17:56:28 Debug: Notice (8): Undefined index: bSearchable_4 in [C:\wamp\www\xpert_8\app\controllers\users_controller.php, line 164]
2011-04-19 17:56:28 Debug: Notice (8): Undefined index: bSearchable_5 in [C:\wamp\www\xpert_8\app\controllers\users_controller.php, line 164]
2011-04-19 17:56:28 Debug: Notice (8): Undefined index: bSearchable_6 in [C:\wamp\www\xpert_8\app\controllers\users_controller.php, line 164]
2011-04-19 17:56:28 Debug: Notice (8): Undefined index: bSearchable_7 in [C:\wamp\www\xpert_8\app\controllers\users_controller.php, line 164]
2011-04-19 17:56:28 Debug: Notice (8): Undefined index: bSearchable_8 in [C:\wamp\www\xpert_8\app\controllers\users_controller.php, line 164]
2011-04-19 17:56:28 Debug: Notice (8): Undefined index: bSearchable_9 in [C:\wamp\www\xpert_8\app\controllers\users_controller.php, line 164]
2011-04-19 17:56:28 Debug: Notice (8): Undefined index: bSearchable_10 in [C:\wamp\www\xpert_8\app\controllers\users_controller.php, line 164]
2011-04-19 17:56:28 Debug: Notice (8): Undefined variable: sOrder in [C:\wamp\www\xpert_8\app\controllers\users_controller.php, line 188]
2011-04-19 17:56:28 Debug: Notice (8): Undefined variable: gaSql in [C:\wamp\www\xpert_8\app\controllers\users_controller.php, line 190]
2011-04-19 18:08:36 Debug: Notice (8): Undefined index: sSearch in [C:\wamp\www\xpert_8\app\controllers\users_controller.php, line 150]
2011-04-19 18:08:36 Debug: Notice (8): Undefined index: bSearchable_0 in [C:\wamp\www\xpert_8\app\controllers\users_controller.php, line 164]
2011-04-19 18:08:36 Debug: Notice (8): Undefined index: bSearchable_1 in [C:\wamp\www\xpert_8\app\controllers\users_controller.php, line 164]
2011-04-19 18:08:36 Debug: Notice (8): Undefined index: bSearchable_2 in [C:\wamp\www\xpert_8\app\controllers\users_controller.php, line 164]
2011-04-19 18:08:36 Debug: Notice (8): Undefined index: bSearchable_3 in [C:\wamp\www\xpert_8\app\controllers\users_controller.php, line 164]
2011-04-19 18:08:36 Debug: Notice (8): Undefined index: bSearchable_4 in [C:\wamp\www\xpert_8\app\controllers\users_controller.php, line 164]
2011-04-19 18:08:36 Debug: Notice (8): Undefined index: bSearchable_5 in [C:\wamp\www\xpert_8\app\controllers\users_controller.php, line 164]
2011-04-19 18:08:36 Debug: Notice (8): Undefined index: bSearchable_6 in [C:\wamp\www\xpert_8\app\controllers\users_controller.php, line 164]
2011-04-19 18:08:36 Debug: Notice (8): Undefined index: bSearchable_7 in [C:\wamp\www\xpert_8\app\controllers\users_controller.php, line 164]
2011-04-19 18:08:36 Debug: Notice (8): Undefined index: bSearchable_8 in [C:\wamp\www\xpert_8\app\controllers\users_controller.php, line 164]
2011-04-19 18:08:36 Debug: Notice (8): Undefined index: bSearchable_9 in [C:\wamp\www\xpert_8\app\controllers\users_controller.php, line 164]
2011-04-19 18:08:36 Debug: Notice (8): Undefined index: bSearchable_10 in [C:\wamp\www\xpert_8\app\controllers\users_controller.php, line 164]
2011-04-19 18:08:36 Debug: Notice (8): Undefined variable: sOrder in [C:\wamp\www\xpert_8\app\controllers\users_controller.php, line 188]
2011-04-19 18:08:36 Debug: Notice (8): Undefined variable: gaSql in [C:\wamp\www\xpert_8\app\controllers\users_controller.php, line 190]
2011-04-19 19:08:27 Debug: Notice (8): Undefined index: sSearch in [C:\wamp\www\xpert_8\app\controllers\users_controller.php, line 150]
2011-04-19 19:08:27 Debug: Notice (8): Undefined index: bSearchable_0 in [C:\wamp\www\xpert_8\app\controllers\users_controller.php, line 164]
2011-04-19 19:08:27 Debug: Notice (8): Undefined index: bSearchable_1 in [C:\wamp\www\xpert_8\app\controllers\users_controller.php, line 164]
2011-04-19 19:08:27 Debug: Notice (8): Undefined index: bSearchable_2 in [C:\wamp\www\xpert_8\app\controllers\users_controller.php, line 164]
2011-04-19 19:08:27 Debug: Notice (8): Undefined index: bSearchable_3 in [C:\wamp\www\xpert_8\app\controllers\users_controller.php, line 164]
2011-04-19 19:08:27 Debug: Notice (8): Undefined index: bSearchable_4 in [C:\wamp\www\xpert_8\app\controllers\users_controller.php, line 164]
2011-04-19 19:08:27 Debug: Notice (8): Undefined index: bSearchable_5 in [C:\wamp\www\xpert_8\app\controllers\users_controller.php, line 164]
2011-04-19 19:08:27 Debug: Notice (8): Undefined index: bSearchable_6 in [C:\wamp\www\xpert_8\app\controllers\users_controller.php, line 164]
2011-04-19 19:08:27 Debug: Notice (8): Undefined index: bSearchable_7 in [C:\wamp\www\xpert_8\app\controllers\users_controller.php, line 164]
2011-04-19 19:08:27 Debug: Notice (8): Undefined index: bSearchable_8 in [C:\wamp\www\xpert_8\app\controllers\users_controller.php, line 164]
2011-04-19 19:08:27 Debug: Notice (8): Undefined index: bSearchable_9 in [C:\wamp\www\xpert_8\app\controllers\users_controller.php, line 164]
2011-04-19 19:08:27 Debug: Notice (8): Undefined index: bSearchable_10 in [C:\wamp\www\xpert_8\app\controllers\users_controller.php, line 164]
2011-04-19 19:08:27 Debug: Notice (8): Undefined variable: sOrder in [C:\wamp\www\xpert_8\app\controllers\users_controller.php, line 188]
2011-04-19 19:08:27 Debug: Notice (8): Undefined variable: gaSql in [C:\wamp\www\xpert_8\app\controllers\users_controller.php, line 190]
2011-04-20 22:14:35 Debug: Notice (8): Use of undefined constant User - assumed 'User' in [C:\wamp\www\xpert_8\app\views\users\results.ctp, line 24]
2011-04-20 22:14:35 Debug: Notice (8): Use of undefined constant username - assumed 'username' in [C:\wamp\www\xpert_8\app\views\users\results.ctp, line 24]
2011-04-21 02:19:38 Debug: Notice (8): Undefined index: Group in [C:\wamp\www\xpert_8\app\views\users\results.ctp, line 29]
2011-04-21 02:22:43 Debug: Notice (8): Undefined index: Group in [C:\wamp\www\xpert_8\app\views\users\results.ctp, line 30]
2011-04-21 02:23:09 Debug: Notice (8): Undefined index: Group in [C:\wamp\www\xpert_8\app\views\users\results.ctp, line 31]
2011-04-21 02:24:14 Debug: Notice (8): Undefined variable: user in [C:\wamp\www\xpert_8\app\views\users\results.ctp, line 31]
2011-04-21 02:24:14 Debug: Notice (8): Undefined variable: user in [C:\wamp\www\xpert_8\app\views\users\results.ctp, line 35]
2011-04-21 02:24:15 Debug: Notice (8): Undefined variable: user in [C:\wamp\www\xpert_8\app\views\users\results.ctp, line 39]
2011-04-21 02:24:15 Debug: Notice (8): Undefined variable: user in [C:\wamp\www\xpert_8\app\views\users\results.ctp, line 40]
2011-04-21 02:24:42 Debug: Notice (8): Undefined variable: user in [C:\wamp\www\xpert_8\app\views\users\results.ctp, line 40]
2011-04-21 02:24:58 Debug: Notice (8): Undefined variable: user in [C:\wamp\www\xpert_8\app\views\users\results.ctp, line 40]
2011-04-21 02:49:35 Debug: Notice (8): Undefined variable: name in [C:\wamp\www\xpert_8\app\views\users\results.ctp, line 55]
2011-04-21 03:11:12 Debug: Notice (8): Undefined variable: limit in [C:\wamp\www\xpert_8\app\controllers\users_controller.php, line 113]
2011-04-21 03:11:12 Debug: Notice (8): Undefined variable: page in [C:\wamp\www\xpert_8\app\controllers\users_controller.php, line 113]
2011-04-21 03:11:12 Debug: Notice (8): Undefined variable: limit in [C:\wamp\www\xpert_8\app\controllers\users_controller.php, line 117]
2011-04-21 03:11:13 Debug: Notice (8): Undefined variable: limit in [C:\wamp\www\xpert_8\app\controllers\users_controller.php, line 113]
2011-04-21 03:11:13 Debug: Notice (8): Undefined variable: page in [C:\wamp\www\xpert_8\app\controllers\users_controller.php, line 113]
2011-04-21 03:11:13 Debug: Notice (8): Undefined variable: limit in [C:\wamp\www\xpert_8\app\controllers\users_controller.php, line 117]
2011-04-21 03:12:21 Debug: Notice (8): Undefined variable: limit in [C:\wamp\www\xpert_8\app\controllers\users_controller.php, line 113]
2011-04-21 03:12:21 Debug: Notice (8): Undefined variable: page in [C:\wamp\www\xpert_8\app\controllers\users_controller.php, line 113]
2011-04-21 03:12:21 Debug: Notice (8): Undefined variable: limit in [C:\wamp\www\xpert_8\app\controllers\users_controller.php, line 117]
2011-04-22 13:03:48 Debug: Notice (8): Undefined variable: page in [C:\wamp\www\xpert_8\app\views\users\index.ctp, line 63]
2011-04-22 13:05:15 Debug: Notice (8): Undefined variable: page in [C:\wamp\www\xpert_8\app\views\users\index.ctp, line 63]
2011-04-22 13:13:41 Debug: Notice (8): Undefined variable: page in [C:\wamp\www\xpert_8\app\views\users\index.ctp, line 85]
2011-04-22 13:14:01 Debug: Notice (8): Undefined variable: page in [C:\wamp\www\xpert_8\app\views\users\index.ctp, line 85]
2011-04-22 13:14:21 Debug: Notice (8): Undefined variable: page in [C:\wamp\www\xpert_8\app\views\users\index.ctp, line 85]
2011-04-22 13:20:18 Debug: Notice (8): Undefined variable: page in [C:\wamp\www\xpert_8\app\views\users\index.ctp, line 85]
